[debug] [2025-08-03T18:13:27.610Z] ----------------------------------------------------------------------
[debug] [2025-08-03T18:13:27.613Z] Command:       C:\Program Files\nodejs\node.exe C:\Users\91800\AppData\Roaming\npm\node_modules\firebase-tools\lib\bin\firebase.js init
[debug] [2025-08-03T18:13:27.615Z] CLI Version:   14.11.2
[debug] [2025-08-03T18:13:27.615Z] Platform:      win32
[debug] [2025-08-03T18:13:27.615Z] Node Version:  v22.11.0
[debug] [2025-08-03T18:13:27.616Z] Time:          Sun Aug 03 2025 23:43:27 GMT+0530 (India Standard Time)
[debug] [2025-08-03T18:13:27.616Z] ----------------------------------------------------------------------
[debug] 
[debug] [2025-08-03T18:13:27.624Z] > command requires scopes: ["email","openid","https://www.googleapis.com/auth/cloudplatformprojects.readonly","https://www.googleapis.com/auth/firebase","https://www.googleapis.com/auth/cloud-platform"]
[debug] [2025-08-03T18:13:27.625Z] > authorizing via signed-in user (punnasriprem1411@gmail.com)
[info] 
     ######## #### ########  ######## ########     ###     ######  ########
     ##        ##  ##     ## ##       ##     ##  ##   ##  ##       ##
     ######    ##  ########  ######   ########  #########  ######  ######
     ##        ##  ##    ##  ##       ##     ## ##     ##       ## ##
     ##       #### ##     ## ######## ########  ##     ##  ######  ########

You're about to initialize a Firebase project in this directory:

  C:\Users\91800\Documents\flutter projects\SafeHer-master

[debug] [2025-08-03T18:17:42.959Z] ExitPromptError: User force closed the prompt with SIGINT
    at Interface.sigint (C:\Users\91800\AppData\Roaming\npm\node_modules\firebase-tools\node_modules\@inquirer\core\dist\commonjs\lib\create-prompt.js:101:37)
    at Interface.emit (node:events:518:28)
    at Interface.emit (node:domain:489:12)
    at [_ttyWrite] [as _ttyWrite] (node:internal/readline/interface:1124:18)
    at ReadStream.onkeypress (node:internal/readline/interface:263:20)
    at ReadStream.emit (node:events:530:35)
    at ReadStream.emit (node:domain:489:12)
    at emitKeys (node:internal/readline/utils:370:14)
    at emitKeys.next (<anonymous>)
    at ReadStream.onData (node:internal/readline/emitKeypressEvents:64:36)
[error] 
[error] Error: An unexpected error has occurred.
